[ 2015-07-21T09:31:12+08:00 ] 192.168.33.1 /think/course-id-1769.html
ERR: 无法加载控制器:Course-id-1769

[ 2015-07-21T09:31:55+08:00 ] 192.168.33.1 /think/category_6BDB19C9.php
ERR: 无法加载控制器:Category_6BDB19C9.php

[ 2015-07-21T09:32:00+08:00 ] 192.168.33.1 /think/wap.php
ERR: 无法加载控制器:Wap.php

[ 2015-07-21T09:32:12+08:00 ] 192.168.33.1 /think/friendlink.html
ERR: 无法加载控制器:Friendlink

[ 2015-07-21T09:32:27+08:00 ] 192.168.33.1 /think/category-catid-138.html
ERR: 无法加载控制器:Category-catid-138

[ 2015-07-21T09:32:44+08:00 ] 192.168.33.1 /think/school-6/index.htm
ERR: 无法加载控制器:School-6

[ 2015-07-21T09:51:33+08:00 ] 192.168.33.1 /think/admin
ERR: 无法加载控制器:Admin

[ 2015-07-21T15:32:15+08:00 ] 192.168.33.1 /think/
INFO: [ app_init ] --START--
INFO: Run Behavior\BuildLiteBehavior [ RunTime:0.000022s ]
INFO: [ app_init ] --END-- [ RunTime:0.036080s ]
INFO: [ app_begin ] --START--
INFO: Run Behavior\ReadHtmlCacheBehavior [ RunTime:0.021810s ]
INFO: [ app_begin ] --END-- [ RunTime:0.021884s ]
INFO: [ view_parse ] --START--
INFO: [ template_filter ] --START--
INFO: Run Behavior\ContentReplaceBehavior [ RunTime:0.000323s ]
INFO: [ template_filter ] --END-- [ RunTime:0.000387s ]
INFO: Run Behavior\ParseTemplateBehavior [ RunTime:0.249897s ]
INFO: [ view_parse ] --END-- [ RunTime:0.249980s ]
INFO: [ view_filter ] --START--
INFO: Run Behavior\WriteHtmlCacheBehavior [ RunTime:0.009310s ]
INFO: [ view_filter ] --END-- [ RunTime:0.009356s ]
INFO: [ app_end ] --START--
INFO: Run Behavior\ShowPageTraceBehavior [ RunTime:0.004042s ]
INFO: [ app_end ] --END-- [ RunTime:0.004128s ]

